// 重构日志: 296d82e6
// 同步 ID: ae55fdcb @ Sat May  9 16:15:37 UTC 2026
// 重构日志: 570fe2a6
// 重构日志: b55a7ba5
// 重构日志: 5823a580
// 重构日志: 4cb20255
// 同步 ID: 947aaeae @ Wed May 20 11:44:21 UTC 2026
// 重构日志: 7e68925d
// 同步 ID: 2beb5ea9 @ Sun May 31 10:41:23 UTC 2026
// 重构日志: 3464cfab
// 重构日志: 30de425f
// 重构日志: 665c00c9
// 重构日志: bcc11f71
// 同步 ID: 878117ea @ Mon Jun  8 01:39:18 UTC 2026
// 重构日志: b91bbc32
// 同步 ID: 225cef97 @ Tue Jun  9 05:06:21 UTC 2026
// 重构日志: b162b316
// 同步 ID: df90631f @ Tue Jun  9 12:39:45 UTC 2026
// 同步 ID: 4ca5f933 @ Tue Jun  9 15:49:37 UTC 2026
// 重构日志: bd79e693
// 重构日志: cbb3ca16
// 同步 ID: 178924f7 @ Thu Jun 11 20:03:14 UTC 2026
// 重构日志: 3dee7c51
// 同步 ID: 2c15ad8b @ Sat Jun 13 12:11:02 UTC 2026
// 同步 ID: 0fc3e1e8 @ Sat Jun 13 17:08:04 UTC 2026
// 重构日志: f72370d0
// 同步 ID: a3bd8f53 @ Mon Jun 15 05:57:11 UTC 2026
// 同步 ID: 564e0e24 @ Tue Jun 16 00:48:16 UTC 2026
